app/build/intermediates/manifest_merge_blame_file/debug/manifest-merger-blame-debug-report.txt
1<?xml version="1.0" encoding="utf-8"?>
2<manifest xmlns:android="http://schemas.android.com/apk/res/android"
3    package="com.example.joinn"
4    android:versionCode="1"
5    android:versionName="1.0" >
6
7    <uses-sdk
8        android:minSdkVersion="26"
9        android:targetSdkVersion="33" />
10
11    <uses-feature
11-->src\main\AndroidManifest.xml:5:5-7:36
12        android:name="android.hardware.camera"
12-->src\main\AndroidManifest.xml:6:9-47
13        android:required="false" />
13-->src\main\AndroidManifest.xml:7:9-33
14
15    <uses-permission android:name="android.permission.INTERNET" />
15-->src\main\AndroidManifest.xml:9:5-67
15-->src\main\AndroidManifest.xml:9:22-64
16    <uses-permission android:name="android.permission.ACCESS_FINE_LOCATION" />
16-->src\main\AndroidManifest.xml:10:5-79
16-->src\main\AndroidManifest.xml:10:22-76
17    <uses-permission android:name="android.permission.ACCESS_COARSE_LOCATION" />
17-->src\main\AndroidManifest.xml:11:5-81
17-->src\main\AndroidManifest.xml:11:22-78
18    <uses-permission android:name="android.permission.CAMERA" />
18-->src\main\AndroidManifest.xml:12:5-65
18-->src\main\AndroidManifest.xml:12:22-62
19    <uses-permission android:name="android.permission.WRITE_EXTERNAL_STORAGE" />
19-->src\main\AndroidManifest.xml:13:5-81
19-->src\main\AndroidManifest.xml:13:22-78
20    <uses-permission android:name="android.permission.READ_EXTERNAL_STORAGE" />
20-->src\main\AndroidManifest.xml:14:5-80
20-->src\main\AndroidManifest.xml:14:22-77
21
22    <!-- Although the *SdkVersion is captured in gradle build files, this is required for non gradle builds -->
23    <!-- <uses-sdk android:minSdkVersion="14"/> -->
24    <uses-permission android:name="android.permission.ACCESS_NETWORK_STATE" />
24-->[com.google.firebase:firebase-database:20.1.0] AndroidManifest.xml:24:5-79
24-->[com.google.firebase:firebase-database:20.1.0] AndroidManifest.xml:24:22-76
25
26    <uses-feature
26-->[com.google.android.gms:play-services-maps:18.1.0] AndroidManifest.xml:26:5-28:35
27        android:glEsVersion="0x00020000"
27-->[com.google.android.gms:play-services-maps:18.1.0] AndroidManifest.xml:27:9-41
28        android:required="true" />
28-->[com.google.android.gms:play-services-maps:18.1.0] AndroidManifest.xml:28:9-32
29
30    <queries>
30-->[com.google.android.gms:play-services-maps:18.1.0] AndroidManifest.xml:30:5-34:15
31
32        <!-- Needs to be explicitly declared on Android R+ -->
33        <package android:name="com.google.android.apps.maps" />
33-->[com.google.android.gms:play-services-maps:18.1.0] AndroidManifest.xml:33:9-64
33-->[com.google.android.gms:play-services-maps:18.1.0] AndroidManifest.xml:33:18-61
34    </queries>
35
36    <uses-permission android:name="android.permission.POST_NOTIFICATIONS" />
36-->[com.google.firebase:firebase-messaging:23.1.2] AndroidManifest.xml:25:5-77
36-->[com.google.firebase:firebase-messaging:23.1.2] AndroidManifest.xml:25:22-74
37    <uses-permission android:name="android.permission.WAKE_LOCK" /> <!-- Required by older versions of Google Play services to create IID tokens -->
37-->[com.google.firebase:firebase-messaging:23.1.2] AndroidManifest.xml:26:5-68
37-->[com.google.firebase:firebase-messaging:23.1.2] AndroidManifest.xml:26:22-65
38    <uses-permission android:name="com.google.android.c2dm.permission.RECEIVE" />
38-->[com.google.firebase:firebase-messaging:23.1.2] AndroidManifest.xml:28:5-82
38-->[com.google.firebase:firebase-messaging:23.1.2] AndroidManifest.xml:28:22-79
39    <uses-permission android:name="com.google.android.gms.permission.AD_ID" />
39-->[com.google.android.gms:play-services-measurement-api:21.2.0] AndroidManifest.xml:25:5-79
39-->[com.google.android.gms:play-services-measurement-api:21.2.0] AndroidManifest.xml:25:22-76
40    <uses-permission android:name="com.google.android.finsky.permission.BIND_GET_INSTALL_REFERRER_SERVICE" />
40-->[com.google.android.gms:play-services-measurement:21.2.0] AndroidManifest.xml:26:5-110
40-->[com.google.android.gms:play-services-measurement:21.2.0] AndroidManifest.xml:26:22-107
41
42    <permission
42-->[androidx.core:core:1.10.1] AndroidManifest.xml:22:5-24:47
43        android:name="com.example.joinn.DYNAMIC_RECEIVER_NOT_EXPORTED_PERMISSION"
43-->[androidx.core:core:1.10.1] AndroidManifest.xml:23:9-81
44        android:protectionLevel="signature" />
44-->[androidx.core:core:1.10.1] AndroidManifest.xml:24:9-44
45
46    <uses-permission android:name="com.example.joinn.DYNAMIC_RECEIVER_NOT_EXPORTED_PERMISSION" />
46-->[androidx.core:core:1.10.1] AndroidManifest.xml:26:5-97
46-->[androidx.core:core:1.10.1] AndroidManifest.xml:26:22-94
47
48    <application
48-->src\main\AndroidManifest.xml:17:5-98:19
49        android:allowBackup="true"
49-->src\main\AndroidManifest.xml:18:9-35
50        android:appComponentFactory="androidx.core.app.CoreComponentFactory"
50-->[androidx.core:core:1.10.1] AndroidManifest.xml:28:18-86
51        android:dataExtractionRules="@xml/data_extraction_rules"
51-->src\main\AndroidManifest.xml:19:9-65
52        android:debuggable="true"
53        android:extractNativeLibs="false"
54        android:fullBackupContent="@xml/backup_rules"
54-->src\main\AndroidManifest.xml:20:9-54
55        android:icon="@mipmap/ic_launcher"
55-->src\main\AndroidManifest.xml:21:9-43
56        android:label="@string/app_name"
56-->src\main\AndroidManifest.xml:22:9-41
57        android:roundIcon="@mipmap/ic_launcher_round"
57-->src\main\AndroidManifest.xml:23:9-54
58        android:supportsRtl="true"
58-->src\main\AndroidManifest.xml:24:9-35
59        android:testOnly="true"
60        android:theme="@style/Theme.Joinn"
60-->src\main\AndroidManifest.xml:25:9-43
61        android:usesCleartextTraffic="true" >
61-->src\main\AndroidManifest.xml:26:9-44
62        <activity
62-->src\main\AndroidManifest.xml:28:9-37:20
63            android:name="com.example.joinn.splash.mainSplashActivity"
63-->src\main\AndroidManifest.xml:29:13-54
64            android:exported="true" >
64-->src\main\AndroidManifest.xml:30:13-36
65            <intent-filter>
65-->src\main\AndroidManifest.xml:31:13-35:29
66                <action android:name="android.intent.action.MAIN" />
66-->src\main\AndroidManifest.xml:32:17-69
66-->src\main\AndroidManifest.xml:32:25-66
67
68                <category android:name="android.intent.category.LAUNCHER" />
68-->src\main\AndroidManifest.xml:34:17-77
68-->src\main\AndroidManifest.xml:34:27-74
69            </intent-filter>
70        </activity>
71
72        <meta-data
72-->src\main\AndroidManifest.xml:39:9-41:71
73            android:name="com.google.android.geo.API_KEY"
73-->src\main\AndroidManifest.xml:40:13-58
74            android:value="AIzaSyDoZiB_HmXnhyP1fDfhHY2e6J8frs9Ue2I" />
74-->src\main\AndroidManifest.xml:41:13-68
75
76        <activity
76-->src\main\AndroidManifest.xml:43:9-49:20
77            android:name="com.example.joinn.matchingActivity"
77-->src\main\AndroidManifest.xml:44:13-45
78            android:exported="false" >
78-->src\main\AndroidManifest.xml:45:13-37
79            <meta-data
79-->src\main\AndroidManifest.xml:46:13-48:36
80                android:name="android.app.lib_name"
80-->src\main\AndroidManifest.xml:47:17-52
81                android:value="" />
81-->src\main\AndroidManifest.xml:48:17-33
82        </activity>
83        <activity
83-->src\main\AndroidManifest.xml:50:9-58:20
84            android:name="com.example.joinn.splash.introSplashActivity"
84-->src\main\AndroidManifest.xml:51:13-55
85            android:exported="true"
85-->src\main\AndroidManifest.xml:52:13-36
86            android:noHistory="true"
86-->src\main\AndroidManifest.xml:53:13-37
87            android:screenOrientation="portrait" >
87-->src\main\AndroidManifest.xml:54:13-49
88            <meta-data
88-->src\main\AndroidManifest.xml:46:13-48:36
89                android:name="android.app.lib_name"
89-->src\main\AndroidManifest.xml:47:17-52
90                android:value="" />
90-->src\main\AndroidManifest.xml:48:17-33
91        </activity>
92        <activity
92-->src\main\AndroidManifest.xml:59:9-65:20
93            android:name="com.example.joinn.sign.loginActivity"
93-->src\main\AndroidManifest.xml:60:13-47
94            android:exported="false" >
94-->src\main\AndroidManifest.xml:61:13-37
95            <meta-data
95-->src\main\AndroidManifest.xml:46:13-48:36
96                android:name="android.app.lib_name"
96-->src\main\AndroidManifest.xml:47:17-52
97                android:value="" />
97-->src\main\AndroidManifest.xml:48:17-33
98        </activity>
99        <activity
99-->src\main\AndroidManifest.xml:66:9-72:20
100            android:name="com.example.joinn.sign.ImageActivity"
100-->src\main\AndroidManifest.xml:67:13-47
101            android:exported="false" >
101-->src\main\AndroidManifest.xml:68:13-37
102            <meta-data
102-->src\main\AndroidManifest.xml:46:13-48:36
103                android:name="android.app.lib_name"
103-->src\main\AndroidManifest.xml:47:17-52
104                android:value="" />
104-->src\main\AndroidManifest.xml:48:17-33
105        </activity>
106        <activity
106-->src\main\AndroidManifest.xml:73:9-79:20
107            android:name="com.example.joinn.sign.NicknameActivity"
107-->src\main\AndroidManifest.xml:74:13-50
108            android:exported="false" >
108-->src\main\AndroidManifest.xml:75:13-37
109            <meta-data
109-->src\main\AndroidManifest.xml:46:13-48:36
110                android:name="android.app.lib_name"
110-->src\main\AndroidManifest.xml:47:17-52
111                android:value="" />
111-->src\main\AndroidManifest.xml:48:17-33
112        </activity>
113        <activity
113-->src\main\AndroidManifest.xml:80:9-92:20
114            android:name="com.example.joinn.sign.MainActivity"
114-->src\main\AndroidManifest.xml:81:13-46
115            android:exported="true" >
115-->src\main\AndroidManifest.xml:82:13-36
116            <intent-filter>
116-->src\main\AndroidManifest.xml:83:13-87:29
117
118                <!-- <action android:name="android.intent.action.MAIN" /> -->
119
120                <category android:name="android.intent.category.LAUNCHER" />
120-->src\main\AndroidManifest.xml:34:17-77
120-->src\main\AndroidManifest.xml:34:27-74
121            </intent-filter>
122
123            <meta-data
123-->src\main\AndroidManifest.xml:46:13-48:36
124                android:name="android.app.lib_name"
124-->src\main\AndroidManifest.xml:47:17-52
125                android:value="" />
125-->src\main\AndroidManifest.xml:48:17-33
126        </activity>
127
128        <meta-data
128-->src\main\AndroidManifest.xml:94:9-96:63
129            android:name="com.kakao.sdk.AppKey"
129-->src\main\AndroidManifest.xml:95:13-48
130            android:value="ee165a19c86815f8ad54a2a58d91ae7c" />
130-->src\main\AndroidManifest.xml:96:13-61
131
132        <service
132-->[com.google.firebase:firebase-database:20.1.0] AndroidManifest.xml:28:9-34:19
133            android:name="com.google.firebase.components.ComponentDiscoveryService"
133-->[com.google.firebase:firebase-database:20.1.0] AndroidManifest.xml:29:13-84
134            android:directBootAware="true"
134-->[com.google.firebase:firebase-common:20.3.1] AndroidManifest.xml:34:13-43
135            android:exported="false" >
135-->[com.google.firebase:firebase-database:20.1.0] AndroidManifest.xml:30:13-37
136            <meta-data
136-->[com.google.firebase:firebase-database:20.1.0] AndroidManifest.xml:31:13-33:85
137                android:name="com.google.firebase.components:com.google.firebase.database.DatabaseRegistrar"
137-->[com.google.firebase:firebase-database:20.1.0] AndroidManifest.xml:32:17-109
138                android:value="com.google.firebase.components.ComponentRegistrar" />
138-->[com.google.firebase:firebase-database:20.1.0] AndroidManifest.xml:33:17-82
139            <meta-data
139-->[com.google.firebase:firebase-auth:21.1.0] AndroidManifest.xml:67:13-69:85
140                android:name="com.google.firebase.components:com.google.firebase.auth.FirebaseAuthRegistrar"
140-->[com.google.firebase:firebase-auth:21.1.0] AndroidManifest.xml:68:17-109
141                android:value="com.google.firebase.components.ComponentRegistrar" />
141-->[com.google.firebase:firebase-auth:21.1.0] AndroidManifest.xml:69:17-82
142            <meta-data
142-->[com.google.firebase:firebase-firestore:24.4.4] AndroidManifest.xml:19:13-21:85
143                android:name="com.google.firebase.components:com.google.firebase.firestore.FirestoreRegistrar"
143-->[com.google.firebase:firebase-firestore:24.4.4] AndroidManifest.xml:20:17-111
144                android:value="com.google.firebase.components.ComponentRegistrar" />
144-->[com.google.firebase:firebase-firestore:24.4.4] AndroidManifest.xml:21:17-82
145            <meta-data
145-->[com.google.firebase:firebase-storage:20.1.0] AndroidManifest.xml:32:13-34:85
146                android:name="com.google.firebase.components:com.google.firebase.storage.StorageRegistrar"
146-->[com.google.firebase:firebase-storage:20.1.0] AndroidManifest.xml:33:17-107
147                android:value="com.google.firebase.components.ComponentRegistrar" />
147-->[com.google.firebase:firebase-storage:20.1.0] AndroidManifest.xml:34:17-82
148            <meta-data
148-->[com.google.firebase:firebase-messaging:23.1.2] AndroidManifest.xml:55:13-57:85
149                android:name="com.google.firebase.components:com.google.firebase.messaging.FirebaseMessagingRegistrar"
149-->[com.google.firebase:firebase-messaging:23.1.2] AndroidManifest.xml:56:17-119
150                android:value="com.google.firebase.components.ComponentRegistrar" />
150-->[com.google.firebase:firebase-messaging:23.1.2] AndroidManifest.xml:57:17-82
151            <meta-data
151-->[com.google.android.gms:play-services-measurement-api:21.2.0] AndroidManifest.xml:31:13-33:85
152                android:name="com.google.firebase.components:com.google.firebase.analytics.connector.internal.AnalyticsConnectorRegistrar"
152-->[com.google.android.gms:play-services-measurement-api:21.2.0] AndroidManifest.xml:32:17-139
153                android:value="com.google.firebase.components.ComponentRegistrar" />
153-->[com.google.android.gms:play-services-measurement-api:21.2.0] AndroidManifest.xml:33:17-82
154            <meta-data
154-->[com.google.firebase:firebase-datatransport:18.1.7] AndroidManifest.xml:27:13-29:85
155                android:name="com.google.firebase.components:com.google.firebase.datatransport.TransportRegistrar"
155-->[com.google.firebase:firebase-datatransport:18.1.7] AndroidManifest.xml:28:17-115
156                android:value="com.google.firebase.components.ComponentRegistrar" />
156-->[com.google.firebase:firebase-datatransport:18.1.7] AndroidManifest.xml:29:17-82
157            <meta-data
157-->[com.google.firebase:firebase-installations:17.1.3] AndroidManifest.xml:17:13-19:85
158                android:name="com.google.firebase.components:com.google.firebase.installations.FirebaseInstallationsRegistrar"
158-->[com.google.firebase:firebase-installations:17.1.3] AndroidManifest.xml:18:17-127
159                android:value="com.google.firebase.components.ComponentRegistrar" />
159-->[com.google.firebase:firebase-installations:17.1.3] AndroidManifest.xml:19:17-82
160        </service> <!-- Needs to be explicitly declared on P+ -->
161        <uses-library
161-->[com.google.android.gms:play-services-maps:18.1.0] AndroidManifest.xml:39:9-41:40
162            android:name="org.apache.http.legacy"
162-->[com.google.android.gms:play-services-maps:18.1.0] AndroidManifest.xml:40:13-50
163            android:required="false" />
163-->[com.google.android.gms:play-services-maps:18.1.0] AndroidManifest.xml:41:13-37
164
165        <meta-data
165-->[com.google.maps.android:android-maps-utils:2.2.0] AndroidManifest.xml:12:9-14:69
166            android:name="com.google.android.gms.version"
166-->[com.google.maps.android:android-maps-utils:2.2.0] AndroidManifest.xml:13:13-58
167            android:value="@integer/google_play_services_version" />
167-->[com.google.maps.android:android-maps-utils:2.2.0] AndroidManifest.xml:14:13-66
168
169        <activity
169-->[com.google.firebase:firebase-auth:21.1.0] AndroidManifest.xml:27:9-44:20
170            android:name="com.google.firebase.auth.internal.GenericIdpActivity"
170-->[com.google.firebase:firebase-auth:21.1.0] AndroidManifest.xml:28:13-80
171            android:excludeFromRecents="true"
171-->[com.google.firebase:firebase-auth:21.1.0] AndroidManifest.xml:29:13-46
172            android:exported="true"
172-->[com.google.firebase:firebase-auth:21.1.0] AndroidManifest.xml:30:13-36
173            android:launchMode="singleTask"
173-->[com.google.firebase:firebase-auth:21.1.0] AndroidManifest.xml:31:13-44
174            android:theme="@android:style/Theme.Translucent.NoTitleBar" >
174-->[com.google.firebase:firebase-auth:21.1.0] AndroidManifest.xml:32:13-72
175            <intent-filter>
175-->[com.google.firebase:firebase-auth:21.1.0] AndroidManifest.xml:33:13-43:29
176                <action android:name="android.intent.action.VIEW" />
176-->[com.google.firebase:firebase-auth:21.1.0] AndroidManifest.xml:34:17-69
176-->[com.google.firebase:firebase-auth:21.1.0] AndroidManifest.xml:34:25-66
177
178                <category android:name="android.intent.category.DEFAULT" />
178-->[com.google.firebase:firebase-auth:21.1.0] AndroidManifest.xml:36:17-76
178-->[com.google.firebase:firebase-auth:21.1.0] AndroidManifest.xml:36:27-73
179                <category android:name="android.intent.category.BROWSABLE" />
179-->[com.google.firebase:firebase-auth:21.1.0] AndroidManifest.xml:37:17-78
179-->[com.google.firebase:firebase-auth:21.1.0] AndroidManifest.xml:37:27-75
180
181                <data
181-->[com.google.firebase:firebase-auth:21.1.0] AndroidManifest.xml:39:17-42:51
182                    android:host="firebase.auth"
182-->[com.google.firebase:firebase-auth:21.1.0] AndroidManifest.xml:40:21-49
183                    android:path="/"
183-->[com.google.firebase:firebase-auth:21.1.0] AndroidManifest.xml:41:21-37
184                    android:scheme="genericidp" />
184-->[com.google.firebase:firebase-auth:21.1.0] AndroidManifest.xml:42:21-48
185            </intent-filter>
186        </activity>
187        <activity
187-->[com.google.firebase:firebase-auth:21.1.0] AndroidManifest.xml:45:9-62:20
188            android:name="com.google.firebase.auth.internal.RecaptchaActivity"
188-->[com.google.firebase:firebase-auth:21.1.0] AndroidManifest.xml:46:13-79
189            android:excludeFromRecents="true"
189-->[com.google.firebase:firebase-auth:21.1.0] AndroidManifest.xml:47:13-46
190            android:exported="true"
190-->[com.google.firebase:firebase-auth:21.1.0] AndroidManifest.xml:48:13-36
191            android:launchMode="singleTask"
191-->[com.google.firebase:firebase-auth:21.1.0] AndroidManifest.xml:49:13-44
192            android:theme="@android:style/Theme.Translucent.NoTitleBar" >
192-->[com.google.firebase:firebase-auth:21.1.0] AndroidManifest.xml:50:13-72
193            <intent-filter>
193-->[com.google.firebase:firebase-auth:21.1.0] AndroidManifest.xml:51:13-61:29
194                <action android:name="android.intent.action.VIEW" />
194-->[com.google.firebase:firebase-auth:21.1.0] AndroidManifest.xml:34:17-69
194-->[com.google.firebase:firebase-auth:21.1.0] AndroidManifest.xml:34:25-66
195
196                <category android:name="android.intent.category.DEFAULT" />
196-->[com.google.firebase:firebase-auth:21.1.0] AndroidManifest.xml:36:17-76
196-->[com.google.firebase:firebase-auth:21.1.0] AndroidManifest.xml:36:27-73
197                <category android:name="android.intent.category.BROWSABLE" />
197-->[com.google.firebase:firebase-auth:21.1.0] AndroidManifest.xml:37:17-78
197-->[com.google.firebase:firebase-auth:21.1.0] AndroidManifest.xml:37:27-75
198
199                <data
199-->[com.google.firebase:firebase-auth:21.1.0] AndroidManifest.xml:39:17-42:51
200                    android:host="firebase.auth"
200-->[com.google.firebase:firebase-auth:21.1.0] AndroidManifest.xml:40:21-49
201                    android:path="/"
201-->[com.google.firebase:firebase-auth:21.1.0] AndroidManifest.xml:41:21-37
202                    android:scheme="recaptcha" />
202-->[com.google.firebase:firebase-auth:21.1.0] AndroidManifest.xml:42:21-48
203            </intent-filter>
204        </activity>
205        <activity
205-->[com.google.android.gms:play-services-auth:20.4.1] AndroidManifest.xml:23:9-27:75
206            android:name="com.google.android.gms.auth.api.signin.internal.SignInHubActivity"
206-->[com.google.android.gms:play-services-auth:20.4.1] AndroidManifest.xml:24:13-93
207            android:excludeFromRecents="true"
207-->[com.google.android.gms:play-services-auth:20.4.1] AndroidManifest.xml:25:13-46
208            android:exported="false"
208-->[com.google.android.gms:play-services-auth:20.4.1] AndroidManifest.xml:26:13-37
209            android:theme="@android:style/Theme.Translucent.NoTitleBar" />
209-->[com.google.android.gms:play-services-auth:20.4.1] AndroidManifest.xml:27:13-72
210        <!--
211            Service handling Google Sign-In user revocation. For apps that do not integrate with
212            Google Sign-In, this service will never be started.
213        -->
214        <service
214-->[com.google.android.gms:play-services-auth:20.4.1] AndroidManifest.xml:33:9-37:51
215            android:name="com.google.android.gms.auth.api.signin.RevocationBoundService"
215-->[com.google.android.gms:play-services-auth:20.4.1] AndroidManifest.xml:34:13-89
216            android:exported="true"
216-->[com.google.android.gms:play-services-auth:20.4.1] AndroidManifest.xml:35:13-36
217            android:permission="com.google.android.gms.auth.api.signin.permission.REVOCATION_NOTIFICATION"
217-->[com.google.android.gms:play-services-auth:20.4.1] AndroidManifest.xml:36:13-107
218            android:visibleToInstantApps="true" />
218-->[com.google.android.gms:play-services-auth:20.4.1] AndroidManifest.xml:37:13-48
219
220        <receiver
220-->[com.google.firebase:firebase-messaging:23.1.2] AndroidManifest.xml:31:9-38:20
221            android:name="com.google.firebase.iid.FirebaseInstanceIdReceiver"
221-->[com.google.firebase:firebase-messaging:23.1.2] AndroidManifest.xml:32:13-78
222            android:exported="true"
222-->[com.google.firebase:firebase-messaging:23.1.2] AndroidManifest.xml:33:13-36
223            android:permission="com.google.android.c2dm.permission.SEND" >
223-->[com.google.firebase:firebase-messaging:23.1.2] AndroidManifest.xml:34:13-73
224            <intent-filter>
224-->[com.google.firebase:firebase-messaging:23.1.2] AndroidManifest.xml:35:13-37:29
225                <action android:name="com.google.android.c2dm.intent.RECEIVE" />
225-->[com.google.firebase:firebase-messaging:23.1.2] AndroidManifest.xml:36:17-81
225-->[com.google.firebase:firebase-messaging:23.1.2] AndroidManifest.xml:36:25-78
226            </intent-filter>
227        </receiver>
228        <!--
229             FirebaseMessagingService performs security checks at runtime,
230             but set to not exported to explicitly avoid allowing another app to call it.
231        -->
232        <service
232-->[com.google.firebase:firebase-messaging:23.1.2] AndroidManifest.xml:44:9-51:19
233            android:name="com.google.firebase.messaging.FirebaseMessagingService"
233-->[com.google.firebase:firebase-messaging:23.1.2] AndroidManifest.xml:45:13-82
234            android:directBootAware="true"
234-->[com.google.firebase:firebase-messaging:23.1.2] AndroidManifest.xml:46:13-43
235            android:exported="false" >
235-->[com.google.firebase:firebase-messaging:23.1.2] AndroidManifest.xml:47:13-37
236            <intent-filter android:priority="-500" >
236-->[com.google.firebase:firebase-messaging:23.1.2] AndroidManifest.xml:48:13-50:29
236-->[com.google.firebase:firebase-messaging:23.1.2] AndroidManifest.xml:48:28-51
237                <action android:name="com.google.firebase.MESSAGING_EVENT" />
237-->[com.google.firebase:firebase-messaging:23.1.2] AndroidManifest.xml:49:17-78
237-->[com.google.firebase:firebase-messaging:23.1.2] AndroidManifest.xml:49:25-75
238            </intent-filter>
239        </service>
240
241        <activity
241-->[com.google.android.gms:play-services-base:18.0.1] AndroidManifest.xml:20:9-22:45
242            android:name="com.google.android.gms.common.api.GoogleApiActivity"
242-->[com.google.android.gms:play-services-base:18.0.1] AndroidManifest.xml:20:19-85
243            android:exported="false"
243-->[com.google.android.gms:play-services-base:18.0.1] AndroidManifest.xml:22:19-43
244            android:theme="@android:style/Theme.Translucent.NoTitleBar" />
244-->[com.google.android.gms:play-services-base:18.0.1] AndroidManifest.xml:21:19-78
245
246        <provider
246-->[com.google.firebase:firebase-common:20.3.1] AndroidManifest.xml:25:9-30:39
247            android:name="com.google.firebase.provider.FirebaseInitProvider"
247-->[com.google.firebase:firebase-common:20.3.1] AndroidManifest.xml:26:13-77
248            android:authorities="com.example.joinn.firebaseinitprovider"
248-->[com.google.firebase:firebase-common:20.3.1] AndroidManifest.xml:27:13-72
249            android:directBootAware="true"
249-->[com.google.firebase:firebase-common:20.3.1] AndroidManifest.xml:28:13-43
250            android:exported="false"
250-->[com.google.firebase:firebase-common:20.3.1] AndroidManifest.xml:29:13-37
251            android:initOrder="100" />
251-->[com.google.firebase:firebase-common:20.3.1] AndroidManifest.xml:30:13-36
252
253        <receiver
253-->[com.google.android.gms:play-services-measurement:21.2.0] AndroidManifest.xml:29:9-33:20
254            android:name="com.google.android.gms.measurement.AppMeasurementReceiver"
254-->[com.google.android.gms:play-services-measurement:21.2.0] AndroidManifest.xml:30:13-85
255            android:enabled="true"
255-->[com.google.android.gms:play-services-measurement:21.2.0] AndroidManifest.xml:31:13-35
256            android:exported="false" >
256-->[com.google.android.gms:play-services-measurement:21.2.0] AndroidManifest.xml:32:13-37
257        </receiver>
258
259        <service
259-->[com.google.android.gms:play-services-measurement:21.2.0] AndroidManifest.xml:35:9-38:40
260            android:name="com.google.android.gms.measurement.AppMeasurementService"
260-->[com.google.android.gms:play-services-measurement:21.2.0] AndroidManifest.xml:36:13-84
261            android:enabled="true"
261-->[com.google.android.gms:play-services-measurement:21.2.0] AndroidManifest.xml:37:13-35
262            android:exported="false" />
262-->[com.google.android.gms:play-services-measurement:21.2.0] AndroidManifest.xml:38:13-37
263        <service
263-->[com.google.android.gms:play-services-measurement:21.2.0] AndroidManifest.xml:39:9-43:72
264            android:name="com.google.android.gms.measurement.AppMeasurementJobService"
264-->[com.google.android.gms:play-services-measurement:21.2.0] AndroidManifest.xml:40:13-87
265            android:enabled="true"
265-->[com.google.android.gms:play-services-measurement:21.2.0] AndroidManifest.xml:41:13-35
266            android:exported="false"
266-->[com.google.android.gms:play-services-measurement:21.2.0] AndroidManifest.xml:42:13-37
267            android:permission="android.permission.BIND_JOB_SERVICE" />
267-->[com.google.android.gms:play-services-measurement:21.2.0] AndroidManifest.xml:43:13-69
268
269        <provider
269-->[androidx.emoji2:emoji2:1.2.0] AndroidManifest.xml:24:9-32:20
270            android:name="androidx.startup.InitializationProvider"
270-->[androidx.emoji2:emoji2:1.2.0] AndroidManifest.xml:25:13-67
271            android:authorities="com.example.joinn.androidx-startup"
271-->[androidx.emoji2:emoji2:1.2.0] AndroidManifest.xml:26:13-68
272            android:exported="false" >
272-->[androidx.emoji2:emoji2:1.2.0] AndroidManifest.xml:27:13-37
273            <meta-data
273-->[androidx.emoji2:emoji2:1.2.0] AndroidManifest.xml:29:13-31:52
274                android:name="androidx.emoji2.text.EmojiCompatInitializer"
274-->[androidx.emoji2:emoji2:1.2.0] AndroidManifest.xml:30:17-75
275                android:value="androidx.startup" />
275-->[androidx.emoji2:emoji2:1.2.0] AndroidManifest.xml:31:17-49
276            <meta-data
276-->[androidx.lifecycle:lifecycle-process:2.6.1] AndroidManifest.xml:29:13-31:52
277                android:name="androidx.lifecycle.ProcessLifecycleInitializer"
277-->[androidx.lifecycle:lifecycle-process:2.6.1] AndroidManifest.xml:30:17-78
278                android:value="androidx.startup" />
278-->[androidx.lifecycle:lifecycle-process:2.6.1] AndroidManifest.xml:31:17-49
279            <meta-data
279-->[androidx.profileinstaller:profileinstaller:1.3.0] AndroidManifest.xml:29:13-31:52
280                android:name="androidx.profileinstaller.ProfileInstallerInitializer"
280-->[androidx.profileinstaller:profileinstaller:1.3.0] AndroidManifest.xml:30:17-85
281                android:value="androidx.startup" />
281-->[androidx.profileinstaller:profileinstaller:1.3.0] AndroidManifest.xml:31:17-49
282        </provider>
283
284        <uses-library
284-->[androidx.window:window:1.0.0] AndroidManifest.xml:25:9-27:40
285            android:name="androidx.window.extensions"
285-->[androidx.window:window:1.0.0] AndroidManifest.xml:26:13-54
286            android:required="false" />
286-->[androidx.window:window:1.0.0] AndroidManifest.xml:27:13-37
287        <uses-library
287-->[androidx.window:window:1.0.0] AndroidManifest.xml:28:9-30:40
288            android:name="androidx.window.sidecar"
288-->[androidx.window:window:1.0.0] AndroidManifest.xml:29:13-51
289            android:required="false" />
289-->[androidx.window:window:1.0.0] AndroidManifest.xml:30:13-37
290
291        <provider